{
  "stats": {
    "suites": 16,
    "tests": 91,
    "passes": 37,
    "pending": 0,
    "failures": 54,
    "start": "2019-03-25T07:21:30.004Z",
    "end": "2019-03-25T07:25:22.760Z",
    "duration": 232756,
    "testsRegistered": 91,
    "passPercent": 40.7,
    "pendingPercent": 0,
    "other": 0,
    "hasOther": false,
    "skipped": 0,
    "hasSkipped": false,
    "passPercentClass": "danger",
    "pendingPercentClass": "danger"
  },
  "suites": {
    "uuid": "d2e79edf-872e-4304-b679-ab86aabb4dc3",
    "title": "",
    "fullFile": "",
    "file": "",
    "beforeHooks": [],
    "afterHooks": [],
    "tests": [],
    "suites": [
      {
        "uuid": "bde6da83-8832-48f6-91c6-dc0b297127bf",
        "title": "Open Countries for ",
        "fullFile": "/Users/rahulmittapalli/Desktop/Mocha Stand Alone/PIM_mochaChai/test/Allcountries.js",
        "file": "/test/Allcountries.js",
        "beforeHooks": [],
        "afterHooks": [],
        "tests": [
          {
            "title": "Face Mapping Consumer",
            "fullTitle": "Open Countries for  Face Mapping Consumer",
            "timedOut": false,
            "duration": 1928,
            "state": "passed",
            "speed": "slow",
            "pass": true,
            "fail": false,
            "pending": false,
            "code": "var key = \"ef75a003-8dff-4698-8e3a-445ef976b2f1\";\nvar inputvalues = fun.input(key, subPath);\nfun.country_requester(inputvalues, done);",
            "err": {},
            "isRoot": false,
            "uuid": "82b2fb43-8cf7-48fd-9412-1f0a4aa15d5c",
            "isHook": false,
            "skipped": false
          },
          {
            "title": "Face Mapping Trade",
            "fullTitle": "Open Countries for  Face Mapping Trade",
            "timedOut": false,
            "duration": 1003,
            "state": "passed",
            "speed": "slow",
            "pass": true,
            "fail": false,
            "pending": false,
            "code": "var key = \"9881d86c-65f1-447d-aa7f-31bcb9381f65\";\nvar inputvalues = fun.input(key, subPath);\nfun.country_requester(inputvalues, done);",
            "err": {},
            "isRoot": false,
            "uuid": "18ba4450-7956-4f0b-bae4-c5acc4e9b98a",
            "isHook": false,
            "skipped": false
          },
          {
            "title": "BioLumin-C",
            "fullTitle": "Open Countries for  BioLumin-C",
            "timedOut": false,
            "duration": 1018,
            "state": "passed",
            "speed": "slow",
            "pass": true,
            "fail": false,
            "pending": false,
            "code": "var key = \"f960530a-ba6f-463c-8f00-46e2071490f7\";\nvar inputvalues = fun.input(key, subPath);\nfun.country_requester(inputvalues, done);",
            "err": {},
            "isRoot": false,
            "uuid": "b2fe57f2-399c-447c-9be5-e3179cecbf01",
            "isHook": false,
            "skipped": false
          },
          {
            "title": "Rapid Reveal",
            "fullTitle": "Open Countries for  Rapid Reveal",
            "timedOut": false,
            "duration": 1052,
            "state": "passed",
            "speed": "slow",
            "pass": true,
            "fail": false,
            "pending": false,
            "code": "var key = \"54d8f9eb-c0fc-4dee-a55b-3abde4e0c94e\";\nvar inputvalues = fun.input(key, subPath);\nfun.country_requester(inputvalues, done);",
            "err": {},
            "isRoot": false,
            "uuid": "9ccd96ad-cabe-48e3-b026-d9a9a5cd577c",
            "isHook": false,
            "skipped": false
          },
          {
            "title": "FaceMapping.com",
            "fullTitle": "Open Countries for  FaceMapping.com",
            "timedOut": false,
            "duration": 1010,
            "state": "passed",
            "speed": "slow",
            "pass": true,
            "fail": false,
            "pending": false,
            "code": "var key = \"5d24a390-b66e-4780-8d02-907bef2f778f\";\nvar inputvalues = fun.input(key, subPath);\nfun.country_requester(inputvalues, done);",
            "err": {},
            "isRoot": false,
            "uuid": "b8f3c46e-3337-447f-babc-d0d573a34e64",
            "isHook": false,
            "skipped": false
          },
          {
            "title": "Breakout predictor",
            "fullTitle": "Open Countries for  Breakout predictor",
            "timedOut": false,
            "duration": 1029,
            "state": "passed",
            "speed": "slow",
            "pass": true,
            "fail": false,
            "pending": false,
            "code": "var key = \"fbab80c2-362f-468e-98ab-7baa46e96874\";\nvar inputvalues = fun.input(key, subPath);\nfun.country_requester(inputvalues, done);",
            "err": {},
            "isRoot": false,
            "uuid": "6b12c276-dac6-436c-8b3c-7261b28e1851",
            "isHook": false,
            "skipped": false
          }
        ],
        "suites": [],
        "passes": [
          "82b2fb43-8cf7-48fd-9412-1f0a4aa15d5c",
          "18ba4450-7956-4f0b-bae4-c5acc4e9b98a",
          "b2fe57f2-399c-447c-9be5-e3179cecbf01",
          "9ccd96ad-cabe-48e3-b026-d9a9a5cd577c",
          "b8f3c46e-3337-447f-babc-d0d573a34e64",
          "6b12c276-dac6-436c-8b3c-7261b28e1851"
        ],
        "failures": [],
        "pending": [],
        "skipped": [],
        "duration": 7040,
        "root": false,
        "rootEmpty": false,
        "_timeout": 10000
      },
      {
        "uuid": "81b6a587-5ecf-44db-8a81-0532352d468c",
        "title": "App translations By countryCode for ",
        "fullFile": "/Users/rahulmittapalli/Desktop/Mocha Stand Alone/PIM_mochaChai/test/ApptranslationsbyCC.js",
        "file": "/test/ApptranslationsbyCC.js",
        "beforeHooks": [],
        "afterHooks": [],
        "tests": [
          {
            "title": "Face Mapping Consumer",
            "fullTitle": "App translations By countryCode for  Face Mapping Consumer",
            "timedOut": false,
            "duration": 2557,
            "state": "passed",
            "speed": "slow",
            "pass": true,
            "fail": false,
            "pending": false,
            "code": "var key = \"ef75a003-8dff-4698-8e3a-445ef976b2f1\";\nvar inputvalues = fun.input(key, subPath);\nfun.app_requester(inputvalues, done);",
            "err": {},
            "isRoot": false,
            "uuid": "612acbe8-8797-49a4-8a65-b67e1d83ea9a",
            "isHook": false,
            "skipped": false
          },
          {
            "title": "Face Mapping Trade",
            "fullTitle": "App translations By countryCode for  Face Mapping Trade",
            "timedOut": false,
            "duration": 2558,
            "state": "passed",
            "speed": "slow",
            "pass": true,
            "fail": false,
            "pending": false,
            "code": "var key = \"9881d86c-65f1-447d-aa7f-31bcb9381f65\";\nvar inputvalues = fun.input(key, subPath);\nfun.app_requester(inputvalues, done);",
            "err": {},
            "isRoot": false,
            "uuid": "9734da7d-60e4-4c84-b6cc-8100c477f193",
            "isHook": false,
            "skipped": false
          },
          {
            "title": "BioLumin-C",
            "fullTitle": "App translations By countryCode for  BioLumin-C",
            "timedOut": false,
            "duration": 1844,
            "state": "passed",
            "speed": "slow",
            "pass": true,
            "fail": false,
            "pending": false,
            "code": "var key = \"f960530a-ba6f-463c-8f00-46e2071490f7\";\nvar inputvalues = fun.input(key, subPath);\nfun.app_requester(inputvalues, done);",
            "err": {},
            "isRoot": false,
            "uuid": "64712e0a-f21a-44db-9ec4-5249533f5c2b",
            "isHook": false,
            "skipped": false
          },
          {
            "title": "Rapid Reveal",
            "fullTitle": "App translations By countryCode for  Rapid Reveal",
            "timedOut": false,
            "duration": 1789,
            "state": "passed",
            "speed": "slow",
            "pass": true,
            "fail": false,
            "pending": false,
            "code": "var key = \"54d8f9eb-c0fc-4dee-a55b-3abde4e0c94e\";\nvar inputvalues = fun.input(key, subPath);\nfun.app_requester(inputvalues, done);",
            "err": {},
            "isRoot": false,
            "uuid": "f2af6063-dc43-4af9-a971-9a487b830ff3",
            "isHook": false,
            "skipped": false
          },
          {
            "title": "FaceMapping.com",
            "fullTitle": "App translations By countryCode for  FaceMapping.com",
            "timedOut": false,
            "duration": 1996,
            "state": "passed",
            "speed": "slow",
            "pass": true,
            "fail": false,
            "pending": false,
            "code": "var key = \"5d24a390-b66e-4780-8d02-907bef2f778f\";\nvar inputvalues = fun.input(key, subPath);\nfun.app_requester(inputvalues, done);",
            "err": {},
            "isRoot": false,
            "uuid": "8783d4da-4f39-4c17-a134-d73f1e9e41c5",
            "isHook": false,
            "skipped": false
          },
          {
            "title": "Breakout predictor",
            "fullTitle": "App translations By countryCode for  Breakout predictor",
            "timedOut": false,
            "duration": 1917,
            "state": "passed",
            "speed": "slow",
            "pass": true,
            "fail": false,
            "pending": false,
            "code": "var key = \"fbab80c2-362f-468e-98ab-7baa46e96874\";\nvar inputvalues = fun.input(key, subPath);\nfun.app_requester(inputvalues, done);",
            "err": {},
            "isRoot": false,
            "uuid": "b76e670e-faf5-4673-b5d5-3d47c43d3575",
            "isHook": false,
            "skipped": false
          }
        ],
        "suites": [],
        "passes": [
          "612acbe8-8797-49a4-8a65-b67e1d83ea9a",
          "9734da7d-60e4-4c84-b6cc-8100c477f193",
          "64712e0a-f21a-44db-9ec4-5249533f5c2b",
          "f2af6063-dc43-4af9-a971-9a487b830ff3",
          "8783d4da-4f39-4c17-a134-d73f1e9e41c5",
          "b76e670e-faf5-4673-b5d5-3d47c43d3575"
        ],
        "failures": [],
        "pending": [],
        "skipped": [],
        "duration": 12661,
        "root": false,
        "rootEmpty": false,
        "_timeout": 10000
      },
      {
        "uuid": "4fb4e473-1365-4fab-b3ef-07333474383b",
        "title": "App translations By langCode for ",
        "fullFile": "/Users/rahulmittapalli/Desktop/Mocha Stand Alone/PIM_mochaChai/test/ApptranslationsbyLC.js",
        "file": "/test/ApptranslationsbyLC.js",
        "beforeHooks": [],
        "afterHooks": [],
        "tests": [
          {
            "title": "Face Mapping Consumer",
            "fullTitle": "App translations By langCode for  Face Mapping Consumer",
            "timedOut": false,
            "duration": 2584,
            "state": "passed",
            "speed": "slow",
            "pass": true,
            "fail": false,
            "pending": false,
            "code": "var key = \"ef75a003-8dff-4698-8e3a-445ef976b2f1\";\nvar inputvalues = fun.input(key, subPath);\nfun.app_requester(inputvalues, done);",
            "err": {},
            "isRoot": false,
            "uuid": "7d0ce2af-3273-4225-8393-c5e6e90b47cd",
            "isHook": false,
            "skipped": false
          },
          {
            "title": "Face Mapping Trade",
            "fullTitle": "App translations By langCode for  Face Mapping Trade",
            "timedOut": false,
            "duration": 2470,
            "state": "passed",
            "speed": "slow",
            "pass": true,
            "fail": false,
            "pending": false,
            "code": "var key = \"9881d86c-65f1-447d-aa7f-31bcb9381f65\";\nvar inputvalues = fun.input(key, subPath);\nfun.app_requester(inputvalues, done);",
            "err": {},
            "isRoot": false,
            "uuid": "45b719ad-194a-4656-a8c4-6d53587c0298",
            "isHook": false,
            "skipped": false
          },
          {
            "title": "BioLumin-C",
            "fullTitle": "App translations By langCode for  BioLumin-C",
            "timedOut": false,
            "duration": 1889,
            "state": "passed",
            "speed": "slow",
            "pass": true,
            "fail": false,
            "pending": false,
            "code": "var key = \"f960530a-ba6f-463c-8f00-46e2071490f7\";\nvar inputvalues = fun.input(key, subPath);\nfun.app_requester(inputvalues, done);",
            "err": {},
            "isRoot": false,
            "uuid": "5fb188d8-7693-4b9c-8096-348363a3a3d4",
            "isHook": false,
            "skipped": false
          },
          {
            "title": "Rapid Reveal",
            "fullTitle": "App translations By langCode for  Rapid Reveal",
            "timedOut": false,
            "duration": 1937,
            "state": "passed",
            "speed": "slow",
            "pass": true,
            "fail": false,
            "pending": false,
            "code": "var key = \"54d8f9eb-c0fc-4dee-a55b-3abde4e0c94e\";\nvar inputvalues = fun.input(key, subPath);\nfun.app_requester(inputvalues, done);",
            "err": {},
            "isRoot": false,
            "uuid": "9dff7941-8b49-4cd8-8e6c-58228950ac10",
            "isHook": false,
            "skipped": false
          },
          {
            "title": "FaceMapping.com",
            "fullTitle": "App translations By langCode for  FaceMapping.com",
            "timedOut": false,
            "duration": 1926,
            "state": "passed",
            "speed": "slow",
            "pass": true,
            "fail": false,
            "pending": false,
            "code": "var key = \"5d24a390-b66e-4780-8d02-907bef2f778f\";\nvar inputvalues = fun.input(key, subPath);\nfun.app_requester(inputvalues, done);",
            "err": {},
            "isRoot": false,
            "uuid": "ee270244-4927-4e37-963d-a06813009a7f",
            "isHook": false,
            "skipped": false
          },
          {
            "title": "Breakout predictor",
            "fullTitle": "App translations By langCode for  Breakout predictor",
            "timedOut": false,
            "duration": 1893,
            "state": "passed",
            "speed": "slow",
            "pass": true,
            "fail": false,
            "pending": false,
            "code": "var key = \"fbab80c2-362f-468e-98ab-7baa46e96874\";\nvar inputvalues = fun.input(key, subPath);\nfun.app_requester(inputvalues, done);",
            "err": {},
            "isRoot": false,
            "uuid": "0d397bbd-f4f2-4df5-8908-60486c8aea52",
            "isHook": false,
            "skipped": false
          }
        ],
        "suites": [],
        "passes": [
          "7d0ce2af-3273-4225-8393-c5e6e90b47cd",
          "45b719ad-194a-4656-a8c4-6d53587c0298",
          "5fb188d8-7693-4b9c-8096-348363a3a3d4",
          "9dff7941-8b49-4cd8-8e6c-58228950ac10",
          "ee270244-4927-4e37-963d-a06813009a7f",
          "0d397bbd-f4f2-4df5-8908-60486c8aea52"
        ],
        "failures": [],
        "pending": [],
        "skipped": [],
        "duration": 12699,
        "root": false,
        "rootEmpty": false,
        "_timeout": 10000
      },
      {
        "uuid": "94bdbe59-2bdb-45d3-954e-a7b52b3cf11d",
        "title": "Open Categories",
        "fullFile": "/Users/rahulmittapalli/Desktop/Mocha Stand Alone/PIM_mochaChai/test/CategoriesOpen.js",
        "file": "/test/CategoriesOpen.js",
        "beforeHooks": [],
        "afterHooks": [],
        "tests": [
          {
            "title": "Face Mapping Consumer",
            "fullTitle": "Open Categories Face Mapping Consumer",
            "timedOut": false,
            "duration": 1903,
            "state": "passed",
            "speed": "slow",
            "pass": true,
            "fail": false,
            "pending": false,
            "code": "var key = \"ef75a003-8dff-4698-8e3a-445ef976b2f1\";\nvar inputvalues = fun.input(key, subPath);\nfun.category_requester(inputvalues, done);",
            "err": {},
            "isRoot": false,
            "uuid": "816c9c34-1d69-40cf-ae55-653568b1f6af",
            "isHook": false,
            "skipped": false
          },
          {
            "title": "Face Mapping Trade",
            "fullTitle": "Open Categories Face Mapping Trade",
            "timedOut": false,
            "duration": 1913,
            "state": "passed",
            "speed": "slow",
            "pass": true,
            "fail": false,
            "pending": false,
            "code": "var key = \"9881d86c-65f1-447d-aa7f-31bcb9381f65\";\nvar inputvalues = fun.input(key, subPath);\nfun.category_requester(inputvalues, done);",
            "err": {},
            "isRoot": false,
            "uuid": "dede73bd-2ffb-406e-a438-2786a0e696f0",
            "isHook": false,
            "skipped": false
          },
          {
            "title": "BioLumin-C",
            "fullTitle": "Open Categories BioLumin-C",
            "timedOut": false,
            "duration": 1951,
            "state": "passed",
            "speed": "slow",
            "pass": true,
            "fail": false,
            "pending": false,
            "code": "var key = \"f960530a-ba6f-463c-8f00-46e2071490f7\";\nvar inputvalues = fun.input(key, subPath);\nfun.category_requester(inputvalues, done);",
            "err": {},
            "isRoot": false,
            "uuid": "a8b30e02-beca-4bed-8c52-7ec2afa7835f",
            "isHook": false,
            "skipped": false
          },
          {
            "title": "Rapid Reveal",
            "fullTitle": "Open Categories Rapid Reveal",
            "timedOut": false,
            "duration": 1950,
            "state": "passed",
            "speed": "slow",
            "pass": true,
            "fail": false,
            "pending": false,
            "code": "var key = \"54d8f9eb-c0fc-4dee-a55b-3abde4e0c94e\";\nvar inputvalues = fun.input(key, subPath);\nfun.category_requester(inputvalues, done);",
            "err": {},
            "isRoot": false,
            "uuid": "efe24d7a-48e5-4ca0-8c83-3deaafd694f3",
            "isHook": false,
            "skipped": false
          },
          {
            "title": "FaceMapping.com",
            "fullTitle": "Open Categories FaceMapping.com",
            "timedOut": false,
            "duration": 1977,
            "state": "passed",
            "speed": "slow",
            "pass": true,
            "fail": false,
            "pending": false,
            "code": "var key = \"5d24a390-b66e-4780-8d02-907bef2f778f\";\nvar inputvalues = fun.input(key, subPath);\nfun.category_requester(inputvalues, done);",
            "err": {},
            "isRoot": false,
            "uuid": "b0939b79-896b-4cc0-8743-1daa8363e660",
            "isHook": false,
            "skipped": false
          },
          {
            "title": "Breakout predictor",
            "fullTitle": "Open Categories Breakout predictor",
            "timedOut": false,
            "duration": 1948,
            "state": "passed",
            "speed": "slow",
            "pass": true,
            "fail": false,
            "pending": false,
            "code": "var key = \"fbab80c2-362f-468e-98ab-7baa46e96874\";\nvar inputvalues = fun.input(key, subPath);\nfun.category_requester(inputvalues, done);",
            "err": {},
            "isRoot": false,
            "uuid": "0d18f964-f03f-4d62-a053-222399b381e4",
            "isHook": false,
            "skipped": false
          }
        ],
        "suites": [],
        "passes": [
          "816c9c34-1d69-40cf-ae55-653568b1f6af",
          "dede73bd-2ffb-406e-a438-2786a0e696f0",
          "a8b30e02-beca-4bed-8c52-7ec2afa7835f",
          "efe24d7a-48e5-4ca0-8c83-3deaafd694f3",
          "b0939b79-896b-4cc0-8743-1daa8363e660",
          "0d18f964-f03f-4d62-a053-222399b381e4"
        ],
        "failures": [],
        "pending": [],
        "skipped": [],
        "duration": 11642,
        "root": false,
        "rootEmpty": false,
        "_timeout": 25000
      },
      {
        "uuid": "8b211ff8-6943-4114-a98c-0b4e43a9dcb2",
        "title": "Open Categories ",
        "fullFile": "/Users/rahulmittapalli/Desktop/Mocha Stand Alone/PIM_mochaChai/test/categoriesOpenbyID.js",
        "file": "/test/categoriesOpenbyID.js",
        "beforeHooks": [],
        "afterHooks": [],
        "tests": [
          {
            "title": "Face Mapping Consumer By Id",
            "fullTitle": "Open Categories  Face Mapping Consumer By Id",
            "timedOut": false,
            "duration": 885,
            "state": "passed",
            "speed": "slow",
            "pass": true,
            "fail": false,
            "pending": false,
            "code": "var key = \"ef75a003-8dff-4698-8e3a-445ef976b2f1\";\nvar inputvalues = fun.input(key, subPath);\nfun.category_requester(inputvalues, done);",
            "err": {},
            "isRoot": false,
            "uuid": "b7a44f2a-ff84-4750-af12-bea94f4d64f4",
            "isHook": false,
            "skipped": false
          },
          {
            "title": "Face Mapping Trade By Id",
            "fullTitle": "Open Categories  Face Mapping Trade By Id",
            "timedOut": false,
            "duration": 912,
            "state": "passed",
            "speed": "slow",
            "pass": true,
            "fail": false,
            "pending": false,
            "code": "var key = \"9881d86c-65f1-447d-aa7f-31bcb9381f65\";\nvar inputvalues = fun.input(key, subPath);\nfun.category_requester(inputvalues, done);",
            "err": {},
            "isRoot": false,
            "uuid": "bfbca11b-397c-4e51-b3a4-45957de12ab0",
            "isHook": false,
            "skipped": false
          },
          {
            "title": "BioLumin-C By Id",
            "fullTitle": "Open Categories  BioLumin-C By Id",
            "timedOut": false,
            "duration": 949,
            "state": "passed",
            "speed": "slow",
            "pass": true,
            "fail": false,
            "pending": false,
            "code": "var key = \"f960530a-ba6f-463c-8f00-46e2071490f7\";\nvar inputvalues = fun.input(key, subPath);\nfun.category_requester(inputvalues, done);",
            "err": {},
            "isRoot": false,
            "uuid": "d6e81447-5ecc-491a-ad91-021f3642f8d7",
            "isHook": false,
            "skipped": false
          },
          {
            "title": "Rapid Reveal By Id",
            "fullTitle": "Open Categories  Rapid Reveal By Id",
            "timedOut": false,
            "duration": 985,
            "state": "passed",
            "speed": "slow",
            "pass": true,
            "fail": false,
            "pending": false,
            "code": "var key = \"54d8f9eb-c0fc-4dee-a55b-3abde4e0c94e\";\nvar inputvalues = fun.input(key, subPath);\nfun.category_requester(inputvalues, done);",
            "err": {},
            "isRoot": false,
            "uuid": "39e70df4-f418-40c3-94b4-44b568898954",
            "isHook": false,
            "skipped": false
          },
          {
            "title": "FaceMapping.com By Id",
            "fullTitle": "Open Categories  FaceMapping.com By Id",
            "timedOut": false,
            "duration": 935,
            "state": "passed",
            "speed": "slow",
            "pass": true,
            "fail": false,
            "pending": false,
            "code": "var key = \"5d24a390-b66e-4780-8d02-907bef2f778f\";\nvar inputvalues = fun.input(key, subPath);\nfun.category_requester(inputvalues, done);",
            "err": {},
            "isRoot": false,
            "uuid": "b729af96-2497-474b-979c-9c0611e15dc3",
            "isHook": false,
            "skipped": false
          },
          {
            "title": "Breakout predictor By Id",
            "fullTitle": "Open Categories  Breakout predictor By Id",
            "timedOut": false,
            "duration": 915,
            "state": "passed",
            "speed": "slow",
            "pass": true,
            "fail": false,
            "pending": false,
            "code": "var key = \"fbab80c2-362f-468e-98ab-7baa46e96874\";\nvar inputvalues = fun.input(key, subPath);\nfun.category_requester(inputvalues, done);",
            "err": {},
            "isRoot": false,
            "uuid": "b2cf7a48-6592-40e0-b9f8-aeb12dc72307",
            "isHook": false,
            "skipped": false
          }
        ],
        "suites": [],
        "passes": [
          "b7a44f2a-ff84-4750-af12-bea94f4d64f4",
          "bfbca11b-397c-4e51-b3a4-45957de12ab0",
          "d6e81447-5ecc-491a-ad91-021f3642f8d7",
          "39e70df4-f418-40c3-94b4-44b568898954",
          "b729af96-2497-474b-979c-9c0611e15dc3",
          "b2cf7a48-6592-40e0-b9f8-aeb12dc72307"
        ],
        "failures": [],
        "pending": [],
        "skipped": [],
        "duration": 5581,
        "root": false,
        "rootEmpty": false,
        "_timeout": 25000
      },
      {
        "uuid": "6fcea4b5-251a-4624-95b9-721959e159f5",
        "title": "Open Countries valid for",
        "fullFile": "/Users/rahulmittapalli/Desktop/Mocha Stand Alone/PIM_mochaChai/test/countryvalid.js",
        "file": "/test/countryvalid.js",
        "beforeHooks": [],
        "afterHooks": [],
        "tests": [
          {
            "title": "Face Mapping Consumer",
            "fullTitle": "Open Countries valid for Face Mapping Consumer",
            "timedOut": false,
            "duration": 1731,
            "state": "passed",
            "speed": "slow",
            "pass": true,
            "fail": false,
            "pending": false,
            "code": "var key = \"ef75a003-8dff-4698-8e3a-445ef976b2f1\";\nvar inputvalues = fun.input(key, subPath);\nfun.country_requester(inputvalues, done);",
            "err": {},
            "isRoot": false,
            "uuid": "ba23b36b-6ae2-4b32-aed4-e1fe865b9f64",
            "isHook": false,
            "skipped": false
          },
          {
            "title": "Face Mapping Trade",
            "fullTitle": "Open Countries valid for Face Mapping Trade",
            "timedOut": false,
            "duration": 1332,
            "state": "passed",
            "speed": "slow",
            "pass": true,
            "fail": false,
            "pending": false,
            "code": "var key = \"9881d86c-65f1-447d-aa7f-31bcb9381f65\";\nvar inputvalues = fun.input(key, subPath);\nfun.country_requester(inputvalues, done);",
            "err": {},
            "isRoot": false,
            "uuid": "92b83562-f0e9-41e3-a2c5-53dbaaa62031",
            "isHook": false,
            "skipped": false
          },
          {
            "title": "BioLumin-C",
            "fullTitle": "Open Countries valid for BioLumin-C",
            "timedOut": false,
            "duration": 1070,
            "state": "passed",
            "speed": "slow",
            "pass": true,
            "fail": false,
            "pending": false,
            "code": "var key = \"f960530a-ba6f-463c-8f00-46e2071490f7\";\nvar inputvalues = fun.input(key, subPath);\nfun.country_requester(inputvalues, done);",
            "err": {},
            "isRoot": false,
            "uuid": "98c30a7e-23c8-4551-9f47-932c554d5cb3",
            "isHook": false,
            "skipped": false
          },
          {
            "title": "Rapid Reveal",
            "fullTitle": "Open Countries valid for Rapid Reveal",
            "timedOut": false,
            "duration": 1127,
            "state": "passed",
            "speed": "slow",
            "pass": true,
            "fail": false,
            "pending": false,
            "code": "var key = \"54d8f9eb-c0fc-4dee-a55b-3abde4e0c94e\";\nvar inputvalues = fun.input(key, subPath);\nfun.country_requester(inputvalues, done);",
            "err": {},
            "isRoot": false,
            "uuid": "20eb21a5-37d5-497c-af4d-457b613b53c0",
            "isHook": false,
            "skipped": false
          },
          {
            "title": "FaceMapping.com",
            "fullTitle": "Open Countries valid for FaceMapping.com",
            "timedOut": false,
            "duration": 1083,
            "state": "passed",
            "speed": "slow",
            "pass": true,
            "fail": false,
            "pending": false,
            "code": "var key = \"5d24a390-b66e-4780-8d02-907bef2f778f\";\nvar inputvalues = fun.input(key, subPath);\nfun.country_requester(inputvalues, done);",
            "err": {},
            "isRoot": false,
            "uuid": "d83b6fbd-c882-41c8-a4ed-656db072741e",
            "isHook": false,
            "skipped": false
          },
          {
            "title": "Breakout predictor",
            "fullTitle": "Open Countries valid for Breakout predictor",
            "timedOut": false,
            "duration": 1090,
            "state": "passed",
            "speed": "slow",
            "pass": true,
            "fail": false,
            "pending": false,
            "code": "var key = \"fbab80c2-362f-468e-98ab-7baa46e96874\";\nvar inputvalues = fun.input(key, subPath);\nfun.country_requester(inputvalues, done);",
            "err": {},
            "isRoot": false,
            "uuid": "9974fe8a-bc1c-425f-8ebf-cd58f5332ce5",
            "isHook": false,
            "skipped": false
          }
        ],
        "suites": [],
        "passes": [
          "ba23b36b-6ae2-4b32-aed4-e1fe865b9f64",
          "92b83562-f0e9-41e3-a2c5-53dbaaa62031",
          "98c30a7e-23c8-4551-9f47-932c554d5cb3",
          "20eb21a5-37d5-497c-af4d-457b613b53c0",
          "d83b6fbd-c882-41c8-a4ed-656db072741e",
          "9974fe8a-bc1c-425f-8ebf-cd58f5332ce5"
        ],
        "failures": [],
        "pending": [],
        "skipped": [],
        "duration": 7433,
        "root": false,
        "rootEmpty": false,
        "_timeout": 10000
      },
      {
        "uuid": "0d23d1bf-2326-422c-afb7-e21f937ceb46",
        "title": "Open Simple list for ",
        "fullFile": "/Users/rahulmittapalli/Desktop/Mocha Stand Alone/PIM_mochaChai/test/list.js",
        "file": "/test/list.js",
        "beforeHooks": [],
        "afterHooks": [],
        "tests": [
          {
            "title": "Face Mapping Consumer",
            "fullTitle": "Open Simple list for  Face Mapping Consumer",
            "timedOut": false,
            "duration": 1364,
            "state": "passed",
            "speed": "slow",
            "pass": true,
            "fail": false,
            "pending": false,
            "code": "var key = \"ef75a003-8dff-4698-8e3a-445ef976b2f1\";\nvar inputvalues = fun.input(key, subPath);\nfun.list_requester(inputvalues, done);",
            "err": {},
            "isRoot": false,
            "uuid": "0bcbfb99-1f2e-44e4-9a6f-c1ec0626b70d",
            "isHook": false,
            "skipped": false
          },
          {
            "title": "Face Mapping Trade",
            "fullTitle": "Open Simple list for  Face Mapping Trade",
            "timedOut": false,
            "duration": 0,
            "state": "failed",
            "pass": false,
            "fail": true,
            "pending": false,
            "code": "var key = \"9881d86c-65f1-447d-aa7f-31bcb9381f65\";\n//console.log(subPath);\nvar inputvalues = fun.input(key, subPath);\nfun.list_requester(inputvalues, done);",
            "err": {
              "message": "Error: {\"error\":\"Matrix has no data\",\"success\":false}",
              "estack": "Error: {\"error\":\"Matrix has no data\",\"success\":false}\n    at Request._callback (test/main.js:393:19)\n    at Request.self.callback (node_modules/request/request.js:185:22)\n    at Request.<anonymous> (node_modules/request/request.js:1161:10)\n    at IncomingMessage.<anonymous> (node_modules/request/request.js:1083:12)\n    at endReadableNT (_stream_readable.js:926:12)\n    at _combinedTickCallback (internal/process/next_tick.js:74:11)\n    at process._tickCallback (internal/process/next_tick.js:98:9)"
            },
            "isRoot": false,
            "uuid": "07b254f8-513b-4b7c-8d2f-6acc6b867764",
            "isHook": false,
            "skipped": false
          },
          {
            "title": "BioLumin-C",
            "fullTitle": "Open Simple list for  BioLumin-C",
            "timedOut": false,
            "duration": 0,
            "state": "failed",
            "pass": false,
            "fail": true,
            "pending": false,
            "code": "var key = \"f960530a-ba6f-463c-8f00-46e2071490f7\";\n//console.log(subPath);\nvar inputvalues = fun.input(key, subPath);\nfun.list_requester(inputvalues, done);",
            "err": {
              "message": "AssertionError: expected { Object (id, name, ...) } to have own property 'consumerIngredients'",
              "estack": "AssertionError: expected { Object (id, name, ...) } to have own property 'consumerIngredients'\n    at bodyKeys_a.forEach (test/main.js:111:38)\n    at Array.forEach (native)\n    at products_parameters (test/main.js:110:20)\n    at list_callback (test/main.js:368:17)\n    at Request._callback (test/main.js:391:13)\n    at Request.self.callback (node_modules/request/request.js:185:22)\n    at Request.<anonymous> (node_modules/request/request.js:1161:10)\n    at IncomingMessage.<anonymous> (node_modules/request/request.js:1083:12)\n    at endReadableNT (_stream_readable.js:926:12)\n    at _combinedTickCallback (internal/process/next_tick.js:74:11)\n    at process._tickCallback (internal/process/next_tick.js:98:9)"
            },
            "isRoot": false,
            "uuid": "944aa50d-6be8-4f28-aaf9-57e19aa7458f",
            "isHook": false,
            "skipped": false
          },
          {
            "title": "Rapid Reveal",
            "fullTitle": "Open Simple list for  Rapid Reveal",
            "timedOut": false,
            "duration": 0,
            "state": "failed",
            "pass": false,
            "fail": true,
            "pending": false,
            "code": "var key = \"54d8f9eb-c0fc-4dee-a55b-3abde4e0c94e\";\n//console.log(subPath);\nvar inputvalues = fun.input(key, subPath);\nfun.list_requester(inputvalues, done);",
            "err": {
              "message": "AssertionError: expected { Object (id, name, ...) } to have own property 'consumerIngredients'",
              "estack": "AssertionError: expected { Object (id, name, ...) } to have own property 'consumerIngredients'\n    at bodyKeys_a.forEach (test/main.js:111:38)\n    at Array.forEach (native)\n    at products_parameters (test/main.js:110:20)\n    at list_callback (test/main.js:368:17)\n    at Request._callback (test/main.js:391:13)\n    at Request.self.callback (node_modules/request/request.js:185:22)\n    at Request.<anonymous> (node_modules/request/request.js:1161:10)\n    at IncomingMessage.<anonymous> (node_modules/request/request.js:1083:12)\n    at endReadableNT (_stream_readable.js:926:12)\n    at _combinedTickCallback (internal/process/next_tick.js:74:11)\n    at process._tickCallback (internal/process/next_tick.js:98:9)"
            },
            "isRoot": false,
            "uuid": "745eccdd-7505-4f67-be24-796088786fe7",
            "isHook": false,
            "skipped": false
          },
          {
            "title": "FaceMapping.com",
            "fullTitle": "Open Simple list for  FaceMapping.com",
            "timedOut": false,
            "duration": 0,
            "state": "failed",
            "pass": false,
            "fail": true,
            "pending": false,
            "code": "var key = \"5d24a390-b66e-4780-8d02-907bef2f778f\";\n//console.log(subPath);\nvar inputvalues = fun.input(key, subPath);\nfun.list_requester(inputvalues, done);",
            "err": {
              "message": "Error: {\"error\":\"Matrix has no data\",\"success\":false}",
              "estack": "Error: {\"error\":\"Matrix has no data\",\"success\":false}\n    at Request._callback (test/main.js:393:19)\n    at Request.self.callback (node_modules/request/request.js:185:22)\n    at Request.<anonymous> (node_modules/request/request.js:1161:10)\n    at IncomingMessage.<anonymous> (node_modules/request/request.js:1083:12)\n    at endReadableNT (_stream_readable.js:926:12)\n    at _combinedTickCallback (internal/process/next_tick.js:74:11)\n    at process._tickCallback (internal/process/next_tick.js:98:9)"
            },
            "isRoot": false,
            "uuid": "286bb49e-929f-477a-9561-fdc43b8e7dca",
            "isHook": false,
            "skipped": false
          },
          {
            "title": "Breakout predictor",
            "fullTitle": "Open Simple list for  Breakout predictor",
            "timedOut": false,
            "duration": 0,
            "state": "failed",
            "pass": false,
            "fail": true,
            "pending": false,
            "code": "var key = \"fbab80c2-362f-468e-98ab-7baa46e96874\";\n//console.log(subPath);\nvar inputvalues = fun.input(key, subPath);\nfun.list_requester(inputvalues, done);",
            "err": {
              "message": "AssertionError: expected { Object (id, name, ...) } to have own property 'consumerIngredients'",
              "estack": "AssertionError: expected { Object (id, name, ...) } to have own property 'consumerIngredients'\n    at bodyKeys_a.forEach (test/main.js:111:38)\n    at Array.forEach (native)\n    at products_parameters (test/main.js:110:20)\n    at list_callback (test/main.js:368:17)\n    at Request._callback (test/main.js:391:13)\n    at Request.self.callback (node_modules/request/request.js:185:22)\n    at Request.<anonymous> (node_modules/request/request.js:1161:10)\n    at IncomingMessage.<anonymous> (node_modules/request/request.js:1083:12)\n    at endReadableNT (_stream_readable.js:926:12)\n    at _combinedTickCallback (internal/process/next_tick.js:74:11)\n    at process._tickCallback (internal/process/next_tick.js:98:9)"
            },
            "isRoot": false,
            "uuid": "834efa84-45ee-4cb1-97fb-7d916a223dac",
            "isHook": false,
            "skipped": false
          }
        ],
        "suites": [],
        "passes": [
          "0bcbfb99-1f2e-44e4-9a6f-c1ec0626b70d"
        ],
        "failures": [
          "07b254f8-513b-4b7c-8d2f-6acc6b867764",
          "944aa50d-6be8-4f28-aaf9-57e19aa7458f",
          "745eccdd-7505-4f67-be24-796088786fe7",
          "286bb49e-929f-477a-9561-fdc43b8e7dca",
          "834efa84-45ee-4cb1-97fb-7d916a223dac"
        ],
        "pending": [],
        "skipped": [],
        "duration": null,
        "root": false,
        "rootEmpty": false,
        "_timeout": 60000
      },
      {
        "uuid": "eb7f9a43-7466-4653-b980-639c742b49b4",
        "title": "Open Simple List",
        "fullFile": "/Users/rahulmittapalli/Desktop/Mocha Stand Alone/PIM_mochaChai/test/listbyID.js",
        "file": "/test/listbyID.js",
        "beforeHooks": [],
        "afterHooks": [],
        "tests": [
          {
            "title": "Face Mapping Consumer By Id",
            "fullTitle": "Open Simple List Face Mapping Consumer By Id",
            "timedOut": false,
            "duration": 0,
            "state": "failed",
            "pass": false,
            "fail": true,
            "pending": false,
            "code": "var key = \"ef75a003-8dff-4698-8e3a-445ef976b2f1\";\nvar inputvalues = fun.input(key, subPath);\nfun.list_requester(inputvalues, done);",
            "err": {
              "message": "Error: {\"error\":\"Matrix has no data\",\"success\":false}",
              "estack": "Error: {\"error\":\"Matrix has no data\",\"success\":false}\n    at Request._callback (test/main.js:393:19)\n    at Request.self.callback (node_modules/request/request.js:185:22)\n    at Request.<anonymous> (node_modules/request/request.js:1161:10)\n    at IncomingMessage.<anonymous> (node_modules/request/request.js:1083:12)\n    at endReadableNT (_stream_readable.js:926:12)\n    at _combinedTickCallback (internal/process/next_tick.js:74:11)\n    at process._tickCallback (internal/process/next_tick.js:98:9)"
            },
            "isRoot": false,
            "uuid": "00525667-c455-4b8b-b203-142d09919c40",
            "isHook": false,
            "skipped": false
          },
          {
            "title": "Face Mapping Trade By Id",
            "fullTitle": "Open Simple List Face Mapping Trade By Id",
            "timedOut": false,
            "duration": 0,
            "state": "failed",
            "pass": false,
            "fail": true,
            "pending": false,
            "code": "var key = \"9881d86c-65f1-447d-aa7f-31bcb9381f65\";\n//console.log(subPath);\nvar inputvalues = fun.input(key, subPath);\nfun.list_requester(inputvalues, done);",
            "err": {
              "message": "Error: {\"error\":\"Matrix has no data\",\"success\":false}",
              "estack": "Error: {\"error\":\"Matrix has no data\",\"success\":false}\n    at Request._callback (test/main.js:393:19)\n    at Request.self.callback (node_modules/request/request.js:185:22)\n    at Request.<anonymous> (node_modules/request/request.js:1161:10)\n    at IncomingMessage.<anonymous> (node_modules/request/request.js:1083:12)\n    at endReadableNT (_stream_readable.js:926:12)\n    at _combinedTickCallback (internal/process/next_tick.js:74:11)\n    at process._tickCallback (internal/process/next_tick.js:98:9)"
            },
            "isRoot": false,
            "uuid": "745dcf94-999f-4def-bc4e-9348cac34922",
            "isHook": false,
            "skipped": false
          },
          {
            "title": "BioLumin-C By Id",
            "fullTitle": "Open Simple List BioLumin-C By Id",
            "timedOut": false,
            "duration": 0,
            "state": "failed",
            "pass": false,
            "fail": true,
            "pending": false,
            "code": "var key = \"f960530a-ba6f-463c-8f00-46e2071490f7\";\n//console.log(subPath);\nvar inputvalues = fun.input(key, subPath);\nfun.list_requester(inputvalues, done);",
            "err": {
              "message": "AssertionError: expected { Object (id, apps_id, ...) } to have own property 'product'",
              "estack": "AssertionError: expected { Object (id, apps_id, ...) } to have own property 'product'\n    at listkeys_a.forEach (test/main.js:374:42)\n    at Array.forEach (native)\n    at list_callback (test/main.js:373:24)\n    at Request._callback (test/main.js:391:13)\n    at Request.self.callback (node_modules/request/request.js:185:22)\n    at Request.<anonymous> (node_modules/request/request.js:1161:10)\n    at IncomingMessage.<anonymous> (node_modules/request/request.js:1083:12)\n    at endReadableNT (_stream_readable.js:926:12)\n    at _combinedTickCallback (internal/process/next_tick.js:74:11)\n    at process._tickCallback (internal/process/next_tick.js:98:9)"
            },
            "isRoot": false,
            "uuid": "07e0009d-f2e3-4ca8-81c3-40935fe56138",
            "isHook": false,
            "skipped": false
          },
          {
            "title": "Rapid Reveal By Id",
            "fullTitle": "Open Simple List Rapid Reveal By Id",
            "timedOut": false,
            "duration": 0,
            "state": "failed",
            "pass": false,
            "fail": true,
            "pending": false,
            "code": "var key = \"54d8f9eb-c0fc-4dee-a55b-3abde4e0c94e\";\n//console.log(subPath);\nvar inputvalues = fun.input(key, subPath);\nfun.list_requester(inputvalues, done);",
            "err": {
              "message": "Error: {\"error\":\"Matrix has no data\",\"success\":false}",
              "estack": "Error: {\"error\":\"Matrix has no data\",\"success\":false}\n    at Request._callback (test/main.js:393:19)\n    at Request.self.callback (node_modules/request/request.js:185:22)\n    at Request.<anonymous> (node_modules/request/request.js:1161:10)\n    at IncomingMessage.<anonymous> (node_modules/request/request.js:1083:12)\n    at endReadableNT (_stream_readable.js:926:12)\n    at _combinedTickCallback (internal/process/next_tick.js:74:11)\n    at process._tickCallback (internal/process/next_tick.js:98:9)"
            },
            "isRoot": false,
            "uuid": "8e3eee24-f650-44be-a569-648d0dc28f7c",
            "isHook": false,
            "skipped": false
          },
          {
            "title": "FaceMapping.com By Id",
            "fullTitle": "Open Simple List FaceMapping.com By Id",
            "timedOut": false,
            "duration": 0,
            "state": "failed",
            "pass": false,
            "fail": true,
            "pending": false,
            "code": "var key = \"5d24a390-b66e-4780-8d02-907bef2f778f\";\n//console.log(subPath);\nvar inputvalues = fun.input(key, subPath);\nfun.list_requester(inputvalues, done);",
            "err": {
              "message": "Error: {\"error\":\"Matrix has no data\",\"success\":false}",
              "estack": "Error: {\"error\":\"Matrix has no data\",\"success\":false}\n    at Request._callback (test/main.js:393:19)\n    at Request.self.callback (node_modules/request/request.js:185:22)\n    at Request.<anonymous> (node_modules/request/request.js:1161:10)\n    at IncomingMessage.<anonymous> (node_modules/request/request.js:1083:12)\n    at endReadableNT (_stream_readable.js:926:12)\n    at _combinedTickCallback (internal/process/next_tick.js:74:11)\n    at process._tickCallback (internal/process/next_tick.js:98:9)"
            },
            "isRoot": false,
            "uuid": "e5b1faf2-4373-413a-923b-b554793e58a7",
            "isHook": false,
            "skipped": false
          },
          {
            "title": "Breakout predictor By Id",
            "fullTitle": "Open Simple List Breakout predictor By Id",
            "timedOut": false,
            "duration": 0,
            "state": "failed",
            "pass": false,
            "fail": true,
            "pending": false,
            "code": "var key = \"fbab80c2-362f-468e-98ab-7baa46e96874\";\n//console.log(subPath);\nvar inputvalues = fun.input(key, subPath);\nfun.list_requester(inputvalues, done);",
            "err": {
              "message": "Error: {\"error\":\"Matrix has no data\",\"success\":false}",
              "estack": "Error: {\"error\":\"Matrix has no data\",\"success\":false}\n    at Request._callback (test/main.js:393:19)\n    at Request.self.callback (node_modules/request/request.js:185:22)\n    at Request.<anonymous> (node_modules/request/request.js:1161:10)\n    at IncomingMessage.<anonymous> (node_modules/request/request.js:1083:12)\n    at endReadableNT (_stream_readable.js:926:12)\n    at _combinedTickCallback (internal/process/next_tick.js:74:11)\n    at process._tickCallback (internal/process/next_tick.js:98:9)"
            },
            "isRoot": false,
            "uuid": "df285b3c-5f7d-4ca0-b88c-36b1b140a148",
            "isHook": false,
            "skipped": false
          }
        ],
        "suites": [],
        "passes": [],
        "failures": [
          "00525667-c455-4b8b-b203-142d09919c40",
          "745dcf94-999f-4def-bc4e-9348cac34922",
          "07e0009d-f2e3-4ca8-81c3-40935fe56138",
          "8e3eee24-f650-44be-a569-648d0dc28f7c",
          "e5b1faf2-4373-413a-923b-b554793e58a7",
          "df285b3c-5f7d-4ca0-b88c-36b1b140a148"
        ],
        "pending": [],
        "skipped": [],
        "duration": null,
        "root": false,
        "rootEmpty": false,
        "_timeout": 60000
      },
      {
        "uuid": "c786e134-a637-4944-9c0c-35fb7c8cc276",
        "title": "Open Simple List",
        "fullFile": "/Users/rahulmittapalli/Desktop/Mocha Stand Alone/PIM_mochaChai/test/listbylang.js",
        "file": "/test/listbylang.js",
        "beforeHooks": [],
        "afterHooks": [],
        "tests": [
          {
            "title": "Face Mapping Consumer By Id and langCode",
            "fullTitle": "Open Simple List Face Mapping Consumer By Id and langCode",
            "timedOut": false,
            "duration": 0,
            "state": "failed",
            "pass": false,
            "fail": true,
            "pending": false,
            "code": "var key = \"ef75a003-8dff-4698-8e3a-445ef976b2f1\";\nvar inputvalues = fun.input(key, subPath);\nfun.list_requester(inputvalues, done);",
            "err": {
              "message": "Error: {\"error\":\"Matrix has no data\",\"success\":false}",
              "estack": "Error: {\"error\":\"Matrix has no data\",\"success\":false}\n    at Request._callback (test/main.js:393:19)\n    at Request.self.callback (node_modules/request/request.js:185:22)\n    at Request.<anonymous> (node_modules/request/request.js:1161:10)\n    at IncomingMessage.<anonymous> (node_modules/request/request.js:1083:12)\n    at endReadableNT (_stream_readable.js:926:12)\n    at _combinedTickCallback (internal/process/next_tick.js:74:11)\n    at process._tickCallback (internal/process/next_tick.js:98:9)"
            },
            "isRoot": false,
            "uuid": "81f18eb3-b4af-47d8-96db-1b9942b9fd3a",
            "isHook": false,
            "skipped": false
          },
          {
            "title": "Face Mapping Trade By Id and langCode",
            "fullTitle": "Open Simple List Face Mapping Trade By Id and langCode",
            "timedOut": false,
            "duration": 0,
            "state": "failed",
            "pass": false,
            "fail": true,
            "pending": false,
            "code": "var key = \"9881d86c-65f1-447d-aa7f-31bcb9381f65\";\n//console.log(subPath);\nvar inputvalues = fun.input(key, subPath);\nfun.list_requester(inputvalues, done);",
            "err": {
              "message": "Error: {\"error\":\"Matrix has no data\",\"success\":false}",
              "estack": "Error: {\"error\":\"Matrix has no data\",\"success\":false}\n    at Request._callback (test/main.js:393:19)\n    at Request.self.callback (node_modules/request/request.js:185:22)\n    at Request.<anonymous> (node_modules/request/request.js:1161:10)\n    at IncomingMessage.<anonymous> (node_modules/request/request.js:1083:12)\n    at endReadableNT (_stream_readable.js:926:12)\n    at _combinedTickCallback (internal/process/next_tick.js:74:11)\n    at process._tickCallback (internal/process/next_tick.js:98:9)"
            },
            "isRoot": false,
            "uuid": "12ad6d53-292c-4b36-a99a-a5a94f1b732f",
            "isHook": false,
            "skipped": false
          },
          {
            "title": "BioLumin-C By Id and langCode",
            "fullTitle": "Open Simple List BioLumin-C By Id and langCode",
            "timedOut": false,
            "duration": 0,
            "state": "failed",
            "pass": false,
            "fail": true,
            "pending": false,
            "code": "var key = \"f960530a-ba6f-463c-8f00-46e2071490f7\";\n//console.log(subPath);\nvar inputvalues = fun.input(key, subPath);\nfun.list_requester(inputvalues, done);",
            "err": {
              "message": "AssertionError: expected { Object (id, apps_id, ...) } to have own property 'product'",
              "estack": "AssertionError: expected { Object (id, apps_id, ...) } to have own property 'product'\n    at listkeys_a.forEach (test/main.js:374:42)\n    at Array.forEach (native)\n    at list_callback (test/main.js:373:24)\n    at Request._callback (test/main.js:391:13)\n    at Request.self.callback (node_modules/request/request.js:185:22)\n    at Request.<anonymous> (node_modules/request/request.js:1161:10)\n    at IncomingMessage.<anonymous> (node_modules/request/request.js:1083:12)\n    at endReadableNT (_stream_readable.js:926:12)\n    at _combinedTickCallback (internal/process/next_tick.js:74:11)\n    at process._tickCallback (internal/process/next_tick.js:98:9)"
            },
            "isRoot": false,
            "uuid": "74009fba-d38c-408d-b00f-5f28e18b9183",
            "isHook": false,
            "skipped": false
          },
          {
            "title": "Rapid Reveal By Id and langCode",
            "fullTitle": "Open Simple List Rapid Reveal By Id and langCode",
            "timedOut": false,
            "duration": 0,
            "state": "failed",
            "pass": false,
            "fail": true,
            "pending": false,
            "code": "var key = \"54d8f9eb-c0fc-4dee-a55b-3abde4e0c94e\";\n//console.log(subPath);\nvar inputvalues = fun.input(key, subPath);\nfun.list_requester(inputvalues, done);",
            "err": {
              "message": "Error: {\"error\":\"Matrix has no data\",\"success\":false}",
              "estack": "Error: {\"error\":\"Matrix has no data\",\"success\":false}\n    at Request._callback (test/main.js:393:19)\n    at Request.self.callback (node_modules/request/request.js:185:22)\n    at Request.<anonymous> (node_modules/request/request.js:1161:10)\n    at IncomingMessage.<anonymous> (node_modules/request/request.js:1083:12)\n    at endReadableNT (_stream_readable.js:926:12)\n    at _combinedTickCallback (internal/process/next_tick.js:74:11)\n    at process._tickCallback (internal/process/next_tick.js:98:9)"
            },
            "isRoot": false,
            "uuid": "60b32806-7d7a-4aeb-afa6-26dc5e0473dc",
            "isHook": false,
            "skipped": false
          },
          {
            "title": "FaceMapping.com By Id and langCode",
            "fullTitle": "Open Simple List FaceMapping.com By Id and langCode",
            "timedOut": false,
            "duration": 0,
            "state": "failed",
            "pass": false,
            "fail": true,
            "pending": false,
            "code": "var key = \"5d24a390-b66e-4780-8d02-907bef2f778f\";\n//console.log(subPath);\nvar inputvalues = fun.input(key, subPath);\nfun.list_requester(inputvalues, done);",
            "err": {
              "message": "Error: {\"error\":\"Matrix has no data\",\"success\":false}",
              "estack": "Error: {\"error\":\"Matrix has no data\",\"success\":false}\n    at Request._callback (test/main.js:393:19)\n    at Request.self.callback (node_modules/request/request.js:185:22)\n    at Request.<anonymous> (node_modules/request/request.js:1161:10)\n    at IncomingMessage.<anonymous> (node_modules/request/request.js:1083:12)\n    at endReadableNT (_stream_readable.js:926:12)\n    at _combinedTickCallback (internal/process/next_tick.js:74:11)\n    at process._tickCallback (internal/process/next_tick.js:98:9)"
            },
            "isRoot": false,
            "uuid": "062df7b5-1063-48ac-9a8b-8043b0dc401c",
            "isHook": false,
            "skipped": false
          },
          {
            "title": "Breakout predictor By Id and langCode",
            "fullTitle": "Open Simple List Breakout predictor By Id and langCode",
            "timedOut": false,
            "duration": 0,
            "state": "failed",
            "pass": false,
            "fail": true,
            "pending": false,
            "code": "var key = \"fbab80c2-362f-468e-98ab-7baa46e96874\";\n//console.log(subPath);\nvar inputvalues = fun.input(key, subPath);\nfun.list_requester(inputvalues, done);",
            "err": {
              "message": "Error: {\"error\":\"Matrix has no data\",\"success\":false}",
              "estack": "Error: {\"error\":\"Matrix has no data\",\"success\":false}\n    at Request._callback (test/main.js:393:19)\n    at Request.self.callback (node_modules/request/request.js:185:22)\n    at Request.<anonymous> (node_modules/request/request.js:1161:10)\n    at IncomingMessage.<anonymous> (node_modules/request/request.js:1083:12)\n    at endReadableNT (_stream_readable.js:926:12)\n    at _combinedTickCallback (internal/process/next_tick.js:74:11)\n    at process._tickCallback (internal/process/next_tick.js:98:9)"
            },
            "isRoot": false,
            "uuid": "8bba3801-a447-4c22-b23e-f653f331c2d5",
            "isHook": false,
            "skipped": false
          }
        ],
        "suites": [],
        "passes": [],
        "failures": [
          "81f18eb3-b4af-47d8-96db-1b9942b9fd3a",
          "12ad6d53-292c-4b36-a99a-a5a94f1b732f",
          "74009fba-d38c-408d-b00f-5f28e18b9183",
          "60b32806-7d7a-4aeb-afa6-26dc5e0473dc",
          "062df7b5-1063-48ac-9a8b-8043b0dc401c",
          "8bba3801-a447-4c22-b23e-f653f331c2d5"
        ],
        "pending": [],
        "skipped": [],
        "duration": null,
        "root": false,
        "rootEmpty": false,
        "_timeout": 60000
      },
      {
        "uuid": "9a51100c-6f4e-4030-8349-e9d0d65859fc",
        "title": "Open matrix for ",
        "fullFile": "/Users/rahulmittapalli/Desktop/Mocha Stand Alone/PIM_mochaChai/test/matrix.js",
        "file": "/test/matrix.js",
        "beforeHooks": [],
        "afterHooks": [],
        "tests": [
          {
            "title": "Face Mapping Consumer",
            "fullTitle": "Open matrix for  Face Mapping Consumer",
            "timedOut": false,
            "duration": 0,
            "state": "failed",
            "pass": false,
            "fail": true,
            "pending": false,
            "code": "var key = \"ef75a003-8dff-4698-8e3a-445ef976b2f1\";\n//console.log(subPath);\nvar inputvalues = fun.input(key, subPath);\nfun.matrix_requester(inputvalues, done);",
            "err": {
              "message": "Error: {\"error\":\"Matrix has no data\",\"success\":false}",
              "estack": "Error: {\"error\":\"Matrix has no data\",\"success\":false}\n    at Request._callback (test/main.js:325:19)\n    at Request.self.callback (node_modules/request/request.js:185:22)\n    at Request.<anonymous> (node_modules/request/request.js:1161:10)\n    at IncomingMessage.<anonymous> (node_modules/request/request.js:1083:12)\n    at endReadableNT (_stream_readable.js:926:12)\n    at _combinedTickCallback (internal/process/next_tick.js:74:11)\n    at process._tickCallback (internal/process/next_tick.js:98:9)"
            },
            "isRoot": false,
            "uuid": "b03da777-e12f-48a6-82b7-2077d8d2bdf1",
            "isHook": false,
            "skipped": false
          },
          {
            "title": "Face Mapping Trade",
            "fullTitle": "Open matrix for  Face Mapping Trade",
            "timedOut": false,
            "duration": 0,
            "state": "failed",
            "pass": false,
            "fail": true,
            "pending": false,
            "code": "var key = \"9881d86c-65f1-447d-aa7f-31bcb9381f65\";\n//console.log(subPath);\nvar inputvalues = fun.input(key, subPath);\nfun.matrix_requester(inputvalues, done);",
            "err": {
              "message": "AssertionError: expected { Object (id, name, ...) } to have own property 'consumerIngredients'",
              "estack": "AssertionError: expected { Object (id, name, ...) } to have own property 'consumerIngredients'\n    at bodyKeys_a.forEach (test/main.js:111:38)\n    at Array.forEach (native)\n    at products_parameters (test/main.js:110:20)\n    at matrix_callback (test/main.js:340:17)\n    at Request._callback (test/main.js:323:13)\n    at Request.self.callback (node_modules/request/request.js:185:22)\n    at Request.<anonymous> (node_modules/request/request.js:1161:10)\n    at IncomingMessage.<anonymous> (node_modules/request/request.js:1083:12)\n    at endReadableNT (_stream_readable.js:926:12)\n    at _combinedTickCallback (internal/process/next_tick.js:74:11)\n    at process._tickCallback (internal/process/next_tick.js:98:9)"
            },
            "isRoot": false,
            "uuid": "cd5ef8a9-f146-47e5-9492-6a603061171b",
            "isHook": false,
            "skipped": false
          },
          {
            "title": "BioLumin-C",
            "fullTitle": "Open matrix for  BioLumin-C",
            "timedOut": false,
            "duration": 0,
            "state": "failed",
            "pass": false,
            "fail": true,
            "pending": false,
            "code": "var key = \"f960530a-ba6f-463c-8f00-46e2071490f7\";\n//console.log(subPath);\nvar inputvalues = fun.input(key, subPath);\nfun.matrix_requester(inputvalues, done);",
            "err": {
              "message": "Error: {\"error\":\"Matrix has no data\",\"success\":false}",
              "estack": "Error: {\"error\":\"Matrix has no data\",\"success\":false}\n    at Request._callback (test/main.js:325:19)\n    at Request.self.callback (node_modules/request/request.js:185:22)\n    at Request.<anonymous> (node_modules/request/request.js:1161:10)\n    at IncomingMessage.<anonymous> (node_modules/request/request.js:1083:12)\n    at endReadableNT (_stream_readable.js:926:12)\n    at _combinedTickCallback (internal/process/next_tick.js:74:11)\n    at process._tickCallback (internal/process/next_tick.js:98:9)"
            },
            "isRoot": false,
            "uuid": "29d1aaf9-9f2f-4af1-8226-8eb4e9bfa487",
            "isHook": false,
            "skipped": false
          },
          {
            "title": "Rapid Reveal",
            "fullTitle": "Open matrix for  Rapid Reveal",
            "timedOut": false,
            "duration": 0,
            "state": "failed",
            "pass": false,
            "fail": true,
            "pending": false,
            "code": "var key = \"54d8f9eb-c0fc-4dee-a55b-3abde4e0c94e\";\n//console.log(subPath);\nvar inputvalues = fun.input(key, subPath);\nfun.matrix_requester(inputvalues, done);",
            "err": {
              "message": "Error: {\"error\":\"Matrix has no data\",\"success\":false}",
              "estack": "Error: {\"error\":\"Matrix has no data\",\"success\":false}\n    at Request._callback (test/main.js:325:19)\n    at Request.self.callback (node_modules/request/request.js:185:22)\n    at Request.<anonymous> (node_modules/request/request.js:1161:10)\n    at IncomingMessage.<anonymous> (node_modules/request/request.js:1083:12)\n    at endReadableNT (_stream_readable.js:926:12)\n    at _combinedTickCallback (internal/process/next_tick.js:74:11)\n    at process._tickCallback (internal/process/next_tick.js:98:9)"
            },
            "isRoot": false,
            "uuid": "bce48b28-d7da-41e3-8783-ef89dd4c8132",
            "isHook": false,
            "skipped": false
          },
          {
            "title": "FaceMapping.com",
            "fullTitle": "Open matrix for  FaceMapping.com",
            "timedOut": false,
            "duration": 0,
            "state": "failed",
            "pass": false,
            "fail": true,
            "pending": false,
            "code": "var key = \"5d24a390-b66e-4780-8d02-907bef2f778f\";\n//console.log(subPath);\nvar inputvalues = fun.input(key, subPath);\nfun.matrix_requester(inputvalues, done);",
            "err": {
              "message": "Error: {\"error\":\"Matrix has no data\",\"success\":false}",
              "estack": "Error: {\"error\":\"Matrix has no data\",\"success\":false}\n    at Request._callback (test/main.js:325:19)\n    at Request.self.callback (node_modules/request/request.js:185:22)\n    at Request.<anonymous> (node_modules/request/request.js:1161:10)\n    at IncomingMessage.<anonymous> (node_modules/request/request.js:1083:12)\n    at endReadableNT (_stream_readable.js:926:12)\n    at _combinedTickCallback (internal/process/next_tick.js:74:11)\n    at process._tickCallback (internal/process/next_tick.js:98:9)"
            },
            "isRoot": false,
            "uuid": "99a02666-dc2c-4431-8a1d-e667605de0a9",
            "isHook": false,
            "skipped": false
          },
          {
            "title": "Breakout predictor",
            "fullTitle": "Open matrix for  Breakout predictor",
            "timedOut": false,
            "duration": 0,
            "state": "failed",
            "pass": false,
            "fail": true,
            "pending": false,
            "code": "var key = \"fbab80c2-362f-468e-98ab-7baa46e96874\";\n//console.log(subPath);\nvar inputvalues = fun.input(key, subPath);\nfun.matrix_requester(inputvalues, done);",
            "err": {
              "message": "Error: {\"error\":\"Matrix has no data\",\"success\":false}",
              "estack": "Error: {\"error\":\"Matrix has no data\",\"success\":false}\n    at Request._callback (test/main.js:325:19)\n    at Request.self.callback (node_modules/request/request.js:185:22)\n    at Request.<anonymous> (node_modules/request/request.js:1161:10)\n    at IncomingMessage.<anonymous> (node_modules/request/request.js:1083:12)\n    at endReadableNT (_stream_readable.js:926:12)\n    at _combinedTickCallback (internal/process/next_tick.js:74:11)\n    at process._tickCallback (internal/process/next_tick.js:98:9)"
            },
            "isRoot": false,
            "uuid": "888a42c7-80e4-4d7c-881c-a43e8c28d2b5",
            "isHook": false,
            "skipped": false
          }
        ],
        "suites": [],
        "passes": [],
        "failures": [
          "b03da777-e12f-48a6-82b7-2077d8d2bdf1",
          "cd5ef8a9-f146-47e5-9492-6a603061171b",
          "29d1aaf9-9f2f-4af1-8226-8eb4e9bfa487",
          "bce48b28-d7da-41e3-8783-ef89dd4c8132",
          "99a02666-dc2c-4431-8a1d-e667605de0a9",
          "888a42c7-80e4-4d7c-881c-a43e8c28d2b5"
        ],
        "pending": [],
        "skipped": [],
        "duration": null,
        "root": false,
        "rootEmpty": false,
        "_timeout": 60000
      },
      {
        "uuid": "044ed423-d164-4345-8c25-b17d49f14002",
        "title": "Open matrix",
        "fullFile": "/Users/rahulmittapalli/Desktop/Mocha Stand Alone/PIM_mochaChai/test/matrixbyID.js",
        "file": "/test/matrixbyID.js",
        "beforeHooks": [],
        "afterHooks": [],
        "tests": [
          {
            "title": "Face Mapping Consumer By Id",
            "fullTitle": "Open matrix Face Mapping Consumer By Id",
            "timedOut": false,
            "duration": 0,
            "state": "failed",
            "pass": false,
            "fail": true,
            "pending": false,
            "code": "var key = \"ef75a003-8dff-4698-8e3a-445ef976b2f1\";\nvar inputvalues = fun.input(key, subPath);\nfun.matrix_requester(inputvalues, done);",
            "err": {
              "message": "Error: {\"error\":\"Matrix has no data\",\"success\":false}",
              "estack": "Error: {\"error\":\"Matrix has no data\",\"success\":false}\n    at Request._callback (test/main.js:325:19)\n    at Request.self.callback (node_modules/request/request.js:185:22)\n    at Request.<anonymous> (node_modules/request/request.js:1161:10)\n    at IncomingMessage.<anonymous> (node_modules/request/request.js:1083:12)\n    at endReadableNT (_stream_readable.js:926:12)\n    at _combinedTickCallback (internal/process/next_tick.js:74:11)\n    at process._tickCallback (internal/process/next_tick.js:98:9)"
            },
            "isRoot": false,
            "uuid": "12533432-edd4-434c-87f6-d1fabcc490ca",
            "isHook": false,
            "skipped": false
          },
          {
            "title": "Face Mapping Trade By Id",
            "fullTitle": "Open matrix Face Mapping Trade By Id",
            "timedOut": false,
            "duration": 0,
            "state": "failed",
            "pass": false,
            "fail": true,
            "pending": false,
            "code": "var key = \"9881d86c-65f1-447d-aa7f-31bcb9381f65\";\n//console.log(subPath);\nvar inputvalues = fun.input(key, subPath);\nfun.matrix_requester(inputvalues, done);",
            "err": {
              "message": "Error: {\"error\":\"Matrix has no data\",\"success\":false}",
              "estack": "Error: {\"error\":\"Matrix has no data\",\"success\":false}\n    at Request._callback (test/main.js:325:19)\n    at Request.self.callback (node_modules/request/request.js:185:22)\n    at Request.<anonymous> (node_modules/request/request.js:1161:10)\n    at IncomingMessage.<anonymous> (node_modules/request/request.js:1083:12)\n    at endReadableNT (_stream_readable.js:926:12)\n    at _combinedTickCallback (internal/process/next_tick.js:74:11)\n    at process._tickCallback (internal/process/next_tick.js:98:9)"
            },
            "isRoot": false,
            "uuid": "a5a8f96d-c4fd-457f-b8ee-03e7a8328e2c",
            "isHook": false,
            "skipped": false
          },
          {
            "title": "BioLumin-C By Id",
            "fullTitle": "Open matrix BioLumin-C By Id",
            "timedOut": false,
            "duration": 0,
            "state": "failed",
            "pass": false,
            "fail": true,
            "pending": false,
            "code": "var key = \"f960530a-ba6f-463c-8f00-46e2071490f7\";\n//console.log(subPath);\nvar inputvalues = fun.input(key, subPath);\nfun.matrix_requester(inputvalues, done);",
            "err": {
              "message": "Error: {\"error\":\"Matrix has no data\",\"success\":false}",
              "estack": "Error: {\"error\":\"Matrix has no data\",\"success\":false}\n    at Request._callback (test/main.js:325:19)\n    at Request.self.callback (node_modules/request/request.js:185:22)\n    at Request.<anonymous> (node_modules/request/request.js:1161:10)\n    at IncomingMessage.<anonymous> (node_modules/request/request.js:1083:12)\n    at endReadableNT (_stream_readable.js:926:12)\n    at _combinedTickCallback (internal/process/next_tick.js:74:11)\n    at process._tickCallback (internal/process/next_tick.js:98:9)"
            },
            "isRoot": false,
            "uuid": "3e3dee8a-47a9-4b27-bbe5-c1e5d2e2c774",
            "isHook": false,
            "skipped": false
          },
          {
            "title": "Rapid Reveal By Id",
            "fullTitle": "Open matrix Rapid Reveal By Id",
            "timedOut": false,
            "duration": 0,
            "state": "failed",
            "pass": false,
            "fail": true,
            "pending": false,
            "code": "var key = \"54d8f9eb-c0fc-4dee-a55b-3abde4e0c94e\";\n//console.log(subPath);\nvar inputvalues = fun.input(key, subPath);\nfun.matrix_requester(inputvalues, done);",
            "err": {
              "message": "Error: {\"error\":\"Matrix has no data\",\"success\":false}",
              "estack": "Error: {\"error\":\"Matrix has no data\",\"success\":false}\n    at Request._callback (test/main.js:325:19)\n    at Request.self.callback (node_modules/request/request.js:185:22)\n    at Request.<anonymous> (node_modules/request/request.js:1161:10)\n    at IncomingMessage.<anonymous> (node_modules/request/request.js:1083:12)\n    at endReadableNT (_stream_readable.js:926:12)\n    at _combinedTickCallback (internal/process/next_tick.js:74:11)\n    at process._tickCallback (internal/process/next_tick.js:98:9)"
            },
            "isRoot": false,
            "uuid": "21814118-6f00-4d9a-ad20-be28520ea5db",
            "isHook": false,
            "skipped": false
          },
          {
            "title": "FaceMapping.com By Id",
            "fullTitle": "Open matrix FaceMapping.com By Id",
            "timedOut": false,
            "duration": 0,
            "state": "failed",
            "pass": false,
            "fail": true,
            "pending": false,
            "code": "var key = \"5d24a390-b66e-4780-8d02-907bef2f778f\";\n//console.log(subPath);\nvar inputvalues = fun.input(key, subPath);\nfun.matrix_requester(inputvalues, done);",
            "err": {
              "message": "Error: {\"error\":\"Matrix has no data\",\"success\":false}",
              "estack": "Error: {\"error\":\"Matrix has no data\",\"success\":false}\n    at Request._callback (test/main.js:325:19)\n    at Request.self.callback (node_modules/request/request.js:185:22)\n    at Request.<anonymous> (node_modules/request/request.js:1161:10)\n    at IncomingMessage.<anonymous> (node_modules/request/request.js:1083:12)\n    at endReadableNT (_stream_readable.js:926:12)\n    at _combinedTickCallback (internal/process/next_tick.js:74:11)\n    at process._tickCallback (internal/process/next_tick.js:98:9)"
            },
            "isRoot": false,
            "uuid": "a40e33d7-8a78-48bc-9195-cafaa97ae7c8",
            "isHook": false,
            "skipped": false
          },
          {
            "title": "Breakout predictor By Id",
            "fullTitle": "Open matrix Breakout predictor By Id",
            "timedOut": false,
            "duration": 0,
            "state": "failed",
            "pass": false,
            "fail": true,
            "pending": false,
            "code": "var key = \"fbab80c2-362f-468e-98ab-7baa46e96874\";\n//console.log(subPath);\nvar inputvalues = fun.input(key, subPath);\nfun.matrix_requester(inputvalues, done);",
            "err": {
              "message": "Error: {\"error\":\"Matrix has no data\",\"success\":false}",
              "estack": "Error: {\"error\":\"Matrix has no data\",\"success\":false}\n    at Request._callback (test/main.js:325:19)\n    at Request.self.callback (node_modules/request/request.js:185:22)\n    at Request.<anonymous> (node_modules/request/request.js:1161:10)\n    at IncomingMessage.<anonymous> (node_modules/request/request.js:1083:12)\n    at endReadableNT (_stream_readable.js:926:12)\n    at _combinedTickCallback (internal/process/next_tick.js:74:11)\n    at process._tickCallback (internal/process/next_tick.js:98:9)"
            },
            "isRoot": false,
            "uuid": "18906382-37ca-44a5-98d5-38f459676afc",
            "isHook": false,
            "skipped": false
          }
        ],
        "suites": [],
        "passes": [],
        "failures": [
          "12533432-edd4-434c-87f6-d1fabcc490ca",
          "a5a8f96d-c4fd-457f-b8ee-03e7a8328e2c",
          "3e3dee8a-47a9-4b27-bbe5-c1e5d2e2c774",
          "21814118-6f00-4d9a-ad20-be28520ea5db",
          "a40e33d7-8a78-48bc-9195-cafaa97ae7c8",
          "18906382-37ca-44a5-98d5-38f459676afc"
        ],
        "pending": [],
        "skipped": [],
        "duration": null,
        "root": false,
        "rootEmpty": false,
        "_timeout": 60000
      },
      {
        "uuid": "185057ef-cc2e-4d22-890c-b7a557ca13e7",
        "title": "Open Categories ",
        "fullFile": "/Users/rahulmittapalli/Desktop/Mocha Stand Alone/PIM_mochaChai/test/opencategoriesbyproducts.js",
        "file": "/test/opencategoriesbyproducts.js",
        "beforeHooks": [],
        "afterHooks": [],
        "tests": [
          {
            "title": "Face Mapping Consumer",
            "fullTitle": "Open Categories  Face Mapping Consumer",
            "timedOut": false,
            "duration": 0,
            "state": "failed",
            "pass": false,
            "fail": true,
            "pending": false,
            "code": "var key = \"ef75a003-8dff-4698-8e3a-445ef976b2f1\";\nvar inputvalues = fun.input(key, subPath);\nfun.category_requesterbyID(inputvalues, done);",
            "err": {
              "message": "Error: CategoryHasProducts has an Empty Array for the following Id:8610",
              "estack": "Error: CategoryHasProducts has an Empty Array for the following Id:8610\n    at category_parametersbyID (test/main.js:307:15)\n    at category_callbackbyID (test/main.js:293:5)\n    at Request._callback (test/main.js:283:13)\n    at Request.self.callback (node_modules/request/request.js:185:22)\n    at Request.<anonymous> (node_modules/request/request.js:1161:10)\n    at IncomingMessage.<anonymous> (node_modules/request/request.js:1083:12)\n    at endReadableNT (_stream_readable.js:926:12)\n    at _combinedTickCallback (internal/process/next_tick.js:74:11)\n    at process._tickCallback (internal/process/next_tick.js:98:9)"
            },
            "isRoot": false,
            "uuid": "29378f07-565b-4b6a-abf9-8c8b4a05c0bb",
            "isHook": false,
            "skipped": false
          },
          {
            "title": "Face Mapping Trade",
            "fullTitle": "Open Categories  Face Mapping Trade",
            "timedOut": false,
            "duration": 0,
            "state": "failed",
            "pass": false,
            "fail": true,
            "pending": false,
            "code": "var key = \"9881d86c-65f1-447d-aa7f-31bcb9381f65\";\nvar inputvalues = fun.input(key, subPath);\nfun.category_requesterbyID(inputvalues, done);",
            "err": {
              "message": "Error: CategoryHasProducts has an Empty Array for the following Id:8610",
              "estack": "Error: CategoryHasProducts has an Empty Array for the following Id:8610\n    at category_parametersbyID (test/main.js:307:15)\n    at category_callbackbyID (test/main.js:293:5)\n    at Request._callback (test/main.js:283:13)\n    at Request.self.callback (node_modules/request/request.js:185:22)\n    at Request.<anonymous> (node_modules/request/request.js:1161:10)\n    at IncomingMessage.<anonymous> (node_modules/request/request.js:1083:12)\n    at endReadableNT (_stream_readable.js:926:12)\n    at _combinedTickCallback (internal/process/next_tick.js:74:11)\n    at process._tickCallback (internal/process/next_tick.js:98:9)"
            },
            "isRoot": false,
            "uuid": "3e435277-a277-4181-a620-fbb452e19048",
            "isHook": false,
            "skipped": false
          },
          {
            "title": "BioLumin-C",
            "fullTitle": "Open Categories  BioLumin-C",
            "timedOut": false,
            "duration": 0,
            "state": "failed",
            "pass": false,
            "fail": true,
            "pending": false,
            "code": "var key = \"f960530a-ba6f-463c-8f00-46e2071490f7\";\nvar inputvalues = fun.input(key, subPath);\nfun.category_requesterbyID(inputvalues, done);",
            "err": {
              "message": "Error: CategoryHasProducts has an Empty Array for the following Id:8610",
              "estack": "Error: CategoryHasProducts has an Empty Array for the following Id:8610\n    at category_parametersbyID (test/main.js:307:15)\n    at category_callbackbyID (test/main.js:293:5)\n    at Request._callback (test/main.js:283:13)\n    at Request.self.callback (node_modules/request/request.js:185:22)\n    at Request.<anonymous> (node_modules/request/request.js:1161:10)\n    at IncomingMessage.<anonymous> (node_modules/request/request.js:1083:12)\n    at endReadableNT (_stream_readable.js:926:12)\n    at _combinedTickCallback (internal/process/next_tick.js:74:11)\n    at process._tickCallback (internal/process/next_tick.js:98:9)"
            },
            "isRoot": false,
            "uuid": "3de98c06-60ad-4760-9baa-49d6de66235d",
            "isHook": false,
            "skipped": false
          },
          {
            "title": "Rapid Reveal",
            "fullTitle": "Open Categories  Rapid Reveal",
            "timedOut": false,
            "duration": 0,
            "state": "failed",
            "pass": false,
            "fail": true,
            "pending": false,
            "code": "var key = \"54d8f9eb-c0fc-4dee-a55b-3abde4e0c94e\";\nvar inputvalues = fun.input(key, subPath);\nfun.category_requesterbyID(inputvalues, done);",
            "err": {
              "message": "Error: CategoryHasProducts has an Empty Array for the following Id:8610",
[...]
            "fail": true,
            "pending": false,
            "code": "var key = \"ef75a003-8dff-4698-8e3a-445ef976b2f1\";\nvar inputvalues = fun.input(key, subPath);\nfun.products_requester(inputvalues, done);",
            "err": {
              "message": "AssertionError: expected { Object (id, name, ...) } to have own property 'consumerIngredients'",
              "estack": "AssertionError: expected { Object (id, name, ...) } to have own property 'consumerIngredients'\n    at bodyKeys_a.forEach (test/main.js:111:38)\n    at Array.forEach (native)\n    at products_parameters (test/main.js:110:20)\n    at products_callback (test/main.js:60:13)\n    at Request._callback (test/main.js:43:13)\n    at Request.self.callback (node_modules/request/request.js:185:22)\n    at Request.<anonymous> (node_modules/request/request.js:1161:10)\n    at IncomingMessage.<anonymous> (node_modules/request/request.js:1083:12)\n    at endReadableNT (_stream_readable.js:926:12)\n    at _combinedTickCallback (internal/process/next_tick.js:74:11)\n    at process._tickCallback (internal/process/next_tick.js:98:9)"
            },
            "isRoot": false,
            "uuid": "34b86fe0-62dd-498e-9998-e2b837b50495",
            "isHook": false,
            "skipped": false
          },
          {
            "title": "Face Mapping Trade By langCode",
            "fullTitle": "Open products Face Mapping Trade By langCode",
            "timedOut": false,
            "duration": 0,
            "state": "failed",
            "pass": false,
            "fail": true,
            "pending": false,
            "code": "var key = \"9881d86c-65f1-447d-aa7f-31bcb9381f65\";\nvar inputvalues = fun.input(key, subPath);\nfun.products_requester(inputvalues, done);",
            "err": {
              "message": "AssertionError: expected { Object (id, name, ...) } to have own property 'consumerIngredients'",
              "estack": "AssertionError: expected { Object (id, name, ...) } to have own property 'consumerIngredients'\n    at bodyKeys_a.forEach (test/main.js:111:38)\n    at Array.forEach (native)\n    at products_parameters (test/main.js:110:20)\n    at products_callback (test/main.js:60:13)\n    at Request._callback (test/main.js:43:13)\n    at Request.self.callback (node_modules/request/request.js:185:22)\n    at Request.<anonymous> (node_modules/request/request.js:1161:10)\n    at IncomingMessage.<anonymous> (node_modules/request/request.js:1083:12)\n    at endReadableNT (_stream_readable.js:926:12)\n    at _combinedTickCallback (internal/process/next_tick.js:74:11)\n    at process._tickCallback (internal/process/next_tick.js:98:9)"
            },
            "isRoot": false,
            "uuid": "36db979a-b94c-4e83-85ca-63bba813c056",
            "isHook": false,
            "skipped": false
          },
          {
            "title": "BioLumin-C By langCode",
            "fullTitle": "Open products BioLumin-C By langCode",
            "timedOut": false,
            "duration": 0,
            "state": "failed",
            "pass": false,
            "fail": true,
            "pending": false,
            "code": "var key = \"f960530a-ba6f-463c-8f00-46e2071490f7\";\nvar inputvalues = fun.input(key, subPath);\nfun.products_requester(inputvalues, done);",
            "err": {
              "message": "AssertionError: expected { Object (id, name, ...) } to have own property 'consumerIngredients'",
              "estack": "AssertionError: expected { Object (id, name, ...) } to have own property 'consumerIngredients'\n    at bodyKeys_a.forEach (test/main.js:111:38)\n    at Array.forEach (native)\n    at products_parameters (test/main.js:110:20)\n    at products_callback (test/main.js:60:13)\n    at Request._callback (test/main.js:43:13)\n    at Request.self.callback (node_modules/request/request.js:185:22)\n    at Request.<anonymous> (node_modules/request/request.js:1161:10)\n    at IncomingMessage.<anonymous> (node_modules/request/request.js:1083:12)\n    at endReadableNT (_stream_readable.js:926:12)\n    at _combinedTickCallback (internal/process/next_tick.js:74:11)\n    at process._tickCallback (internal/process/next_tick.js:98:9)"
            },
            "isRoot": false,
            "uuid": "0df68cde-2e09-4c9b-b55f-d6d32d4ed1bb",
            "isHook": false,
            "skipped": false
          },
          {
            "title": "Rapid Reveal By langCode",
            "fullTitle": "Open products Rapid Reveal By langCode",
            "timedOut": false,
            "duration": 0,
            "state": "failed",
            "pass": false,
            "fail": true,
            "pending": false,
            "code": "var key = \"54d8f9eb-c0fc-4dee-a55b-3abde4e0c94e\";\nvar inputvalues = fun.input(key, subPath);\nfun.products_requester(inputvalues, done);",
            "err": {
              "message": "AssertionError: expected { Object (id, name, ...) } to have own property 'consumerIngredients'",
              "estack": "AssertionError: expected { Object (id, name, ...) } to have own property 'consumerIngredients'\n    at bodyKeys_a.forEach (test/main.js:111:38)\n    at Array.forEach (native)\n    at products_parameters (test/main.js:110:20)\n    at products_callback (test/main.js:60:13)\n    at Request._callback (test/main.js:43:13)\n    at Request.self.callback (node_modules/request/request.js:185:22)\n    at Request.<anonymous> (node_modules/request/request.js:1161:10)\n    at IncomingMessage.<anonymous> (node_modules/request/request.js:1083:12)\n    at endReadableNT (_stream_readable.js:926:12)\n    at _combinedTickCallback (internal/process/next_tick.js:74:11)\n    at process._tickCallback (internal/process/next_tick.js:98:9)"
            },
            "isRoot": false,
            "uuid": "797d76ef-2759-43e0-a1cb-62b631de0aea",
            "isHook": false,
            "skipped": false
          },
          {
            "title": "FaceMapping.com By langCode",
            "fullTitle": "Open products FaceMapping.com By langCode",
            "timedOut": false,
            "duration": 0,
            "state": "failed",
            "pass": false,
            "fail": true,
            "pending": false,
            "code": "var key = \"5d24a390-b66e-4780-8d02-907bef2f778f\";\nvar inputvalues = fun.input(key, subPath);\nfun.products_requester(inputvalues, done);",
            "err": {
              "message": "AssertionError: expected { Object (id, name, ...) } to have own property 'consumerIngredients'",
              "estack": "AssertionError: expected { Object (id, name, ...) } to have own property 'consumerIngredients'\n    at bodyKeys_a.forEach (test/main.js:111:38)\n    at Array.forEach (native)\n    at products_parameters (test/main.js:110:20)\n    at products_callback (test/main.js:60:13)\n    at Request._callback (test/main.js:43:13)\n    at Request.self.callback (node_modules/request/request.js:185:22)\n    at Request.<anonymous> (node_modules/request/request.js:1161:10)\n    at IncomingMessage.<anonymous> (node_modules/request/request.js:1083:12)\n    at endReadableNT (_stream_readable.js:926:12)\n    at _combinedTickCallback (internal/process/next_tick.js:74:11)\n    at process._tickCallback (internal/process/next_tick.js:98:9)"
            },
            "isRoot": false,
            "uuid": "0660c1c2-6c38-4118-976c-0fb62ec093ce",
            "isHook": false,
            "skipped": false
          },
          {
            "title": "Breakout predictor By langCode",
            "fullTitle": "Open products Breakout predictor By langCode",
            "timedOut": false,
            "duration": 0,
            "state": "failed",
            "pass": false,
            "fail": true,
            "pending": false,
            "code": "var key = \"fbab80c2-362f-468e-98ab-7baa46e96874\";\nvar inputvalues = fun.input(key, subPath);\nfun.products_requester(inputvalues, done);",
            "err": {
              "message": "AssertionError: expected { Object (id, name, ...) } to have own property 'consumerIngredients'",
              "estack": "AssertionError: expected { Object (id, name, ...) } to have own property 'consumerIngredients'\n    at bodyKeys_a.forEach (test/main.js:111:38)\n    at Array.forEach (native)\n    at products_parameters (test/main.js:110:20)\n    at products_callback (test/main.js:60:13)\n    at Request._callback (test/main.js:43:13)\n    at Request.self.callback (node_modules/request/request.js:185:22)\n    at Request.<anonymous> (node_modules/request/request.js:1161:10)\n    at IncomingMessage.<anonymous> (node_modules/request/request.js:1083:12)\n    at endReadableNT (_stream_readable.js:926:12)\n    at _combinedTickCallback (internal/process/next_tick.js:74:11)\n    at process._tickCallback (internal/process/next_tick.js:98:9)"
            },
            "isRoot": false,
            "uuid": "b1362429-dfc1-4a74-a657-1e4ea9773dd7",
            "isHook": false,
            "skipped": false
          }
        ],
        "suites": [],
        "passes": [],
        "failures": [
          "34b86fe0-62dd-498e-9998-e2b837b50495",
          "36db979a-b94c-4e83-85ca-63bba813c056",
          "0df68cde-2e09-4c9b-b55f-d6d32d4ed1bb",
          "797d76ef-2759-43e0-a1cb-62b631de0aea",
          "0660c1c2-6c38-4118-976c-0fb62ec093ce",
          "b1362429-dfc1-4a74-a657-1e4ea9773dd7"
        ],
        "pending": [],
        "skipped": [],
        "duration": null,
        "root": false,
        "rootEmpty": false,
        "_timeout": 60000
      },
      {
        "uuid": "c368721f-3cbd-4a32-9bd0-b3bf47715469",
        "title": "Open products",
        "fullFile": "/Users/rahulmittapalli/Desktop/Mocha Stand Alone/PIM_mochaChai/test/productsLandCC.js",
        "file": "/test/productsLandCC.js",
        "beforeHooks": [],
        "afterHooks": [],
        "tests": [
          {
            "title": "Face Mapping Consumer By langCode and countryCode",
            "fullTitle": "Open products Face Mapping Consumer By langCode and countryCode",
            "timedOut": false,
            "duration": 0,
            "state": "failed",
            "pass": false,
            "fail": true,
            "pending": false,
            "code": "var key = \"ef75a003-8dff-4698-8e3a-445ef976b2f1\";\nvar inputvalues = fun.input(key, subPath);\nfun.products_requester(inputvalues, done);",
            "err": {
              "message": "AssertionError: expected { Object (id, name, ...) } to have own property 'consumerIngredients'",
              "estack": "AssertionError: expected { Object (id, name, ...) } to have own property 'consumerIngredients'\n    at bodyKeys_a.forEach (test/main.js:111:38)\n    at Array.forEach (native)\n    at products_parameters (test/main.js:110:20)\n    at products_callback (test/main.js:65:9)\n    at Request._callback (test/main.js:43:13)\n    at Request.self.callback (node_modules/request/request.js:185:22)\n    at Request.<anonymous> (node_modules/request/request.js:1161:10)\n    at IncomingMessage.<anonymous> (node_modules/request/request.js:1083:12)\n    at endReadableNT (_stream_readable.js:926:12)\n    at _combinedTickCallback (internal/process/next_tick.js:74:11)\n    at process._tickCallback (internal/process/next_tick.js:98:9)"
            },
            "isRoot": false,
            "uuid": "d5c41103-689e-489d-8dac-9c52936081b8",
            "isHook": false,
            "skipped": false
          },
          {
            "title": "Face Mapping Trade By langCode and countryCode",
            "fullTitle": "Open products Face Mapping Trade By langCode and countryCode",
            "timedOut": false,
            "duration": 0,
            "state": "failed",
            "pass": false,
            "fail": true,
            "pending": false,
            "code": "var key = \"9881d86c-65f1-447d-aa7f-31bcb9381f65\";\nvar inputvalues = fun.input(key, subPath);\nfun.products_requester(inputvalues, done);",
            "err": {
              "message": "AssertionError: expected { Object (id, name, ...) } to have own property 'consumerIngredients'",
              "estack": "AssertionError: expected { Object (id, name, ...) } to have own property 'consumerIngredients'\n    at bodyKeys_a.forEach (test/main.js:111:38)\n    at Array.forEach (native)\n    at products_parameters (test/main.js:110:20)\n    at products_callback (test/main.js:65:9)\n    at Request._callback (test/main.js:43:13)\n    at Request.self.callback (node_modules/request/request.js:185:22)\n    at Request.<anonymous> (node_modules/request/request.js:1161:10)\n    at IncomingMessage.<anonymous> (node_modules/request/request.js:1083:12)\n    at endReadableNT (_stream_readable.js:926:12)\n    at _combinedTickCallback (internal/process/next_tick.js:74:11)\n    at process._tickCallback (internal/process/next_tick.js:98:9)"
            },
            "isRoot": false,
            "uuid": "7dc23582-618a-49c0-8a35-a992d1c3d598",
            "isHook": false,
            "skipped": false
          },
          {
            "title": "BioLumin-C By langCode and countryCode",
            "fullTitle": "Open products BioLumin-C By langCode and countryCode",
            "timedOut": false,
            "duration": 0,
            "state": "failed",
            "pass": false,
            "fail": true,
            "pending": false,
            "code": "var key = \"f960530a-ba6f-463c-8f00-46e2071490f7\";\nvar inputvalues = fun.input(key, subPath);\nfun.products_requester(inputvalues, done);",
            "err": {
              "message": "AssertionError: expected { Object (id, name, ...) } to have own property 'consumerIngredients'",
              "estack": "AssertionError: expected { Object (id, name, ...) } to have own property 'consumerIngredients'\n    at bodyKeys_a.forEach (test/main.js:111:38)\n    at Array.forEach (native)\n    at products_parameters (test/main.js:110:20)\n    at products_callback (test/main.js:65:9)\n    at Request._callback (test/main.js:43:13)\n    at Request.self.callback (node_modules/request/request.js:185:22)\n    at Request.<anonymous> (node_modules/request/request.js:1161:10)\n    at IncomingMessage.<anonymous> (node_modules/request/request.js:1083:12)\n    at endReadableNT (_stream_readable.js:926:12)\n    at _combinedTickCallback (internal/process/next_tick.js:74:11)\n    at process._tickCallback (internal/process/next_tick.js:98:9)"
            },
            "isRoot": false,
            "uuid": "cb25879b-9357-485e-b545-4a30d354a771",
            "isHook": false,
            "skipped": false
          },
          {
            "title": "Rapid Reveal By langCode and countryCode",
            "fullTitle": "Open products Rapid Reveal By langCode and countryCode",
            "timedOut": false,
            "duration": 0,
            "state": "failed",
            "pass": false,
            "fail": true,
            "pending": false,
            "code": "var key = \"54d8f9eb-c0fc-4dee-a55b-3abde4e0c94e\";\nvar inputvalues = fun.input(key, subPath);\nfun.products_requester(inputvalues, done);",
            "err": {
              "message": "AssertionError: expected { Object (id, name, ...) } to have own property 'consumerIngredients'",
              "estack": "AssertionError: expected { Object (id, name, ...) } to have own property 'consumerIngredients'\n    at bodyKeys_a.forEach (test/main.js:111:38)\n    at Array.forEach (native)\n    at products_parameters (test/main.js:110:20)\n    at products_callback (test/main.js:65:9)\n    at Request._callback (test/main.js:43:13)\n    at Request.self.callback (node_modules/request/request.js:185:22)\n    at Request.<anonymous> (node_modules/request/request.js:1161:10)\n    at IncomingMessage.<anonymous> (node_modules/request/request.js:1083:12)\n    at endReadableNT (_stream_readable.js:926:12)\n    at _combinedTickCallback (internal/process/next_tick.js:74:11)\n    at process._tickCallback (internal/process/next_tick.js:98:9)"
            },
            "isRoot": false,
            "uuid": "c18f4aac-9b2a-41d9-8b28-a6c5c2b44428",
            "isHook": false,
            "skipped": false
          },
          {
            "title": "FaceMapping.com By langCode and countryCode",
            "fullTitle": "Open products FaceMapping.com By langCode and countryCode",
            "timedOut": false,
            "duration": 0,
            "state": "failed",
            "pass": false,
            "fail": true,
            "pending": false,
            "code": "var key = \"5d24a390-b66e-4780-8d02-907bef2f778f\";\nvar inputvalues = fun.input(key, subPath);\nfun.products_requester(inputvalues, done);",
            "err": {
              "message": "AssertionError: expected { Object (id, name, ...) } to have own property 'consumerIngredients'",
              "estack": "AssertionError: expected { Object (id, name, ...) } to have own property 'consumerIngredients'\n    at bodyKeys_a.forEach (test/main.js:111:38)\n    at Array.forEach (native)\n    at products_parameters (test/main.js:110:20)\n    at products_callback (test/main.js:65:9)\n    at Request._callback (test/main.js:43:13)\n    at Request.self.callback (node_modules/request/request.js:185:22)\n    at Request.<anonymous> (node_modules/request/request.js:1161:10)\n    at IncomingMessage.<anonymous> (node_modules/request/request.js:1083:12)\n    at endReadableNT (_stream_readable.js:926:12)\n    at _combinedTickCallback (internal/process/next_tick.js:74:11)\n    at process._tickCallback (internal/process/next_tick.js:98:9)"
            },
            "isRoot": false,
            "uuid": "d269a353-b6c6-478b-9397-f34f690eadd2",
            "isHook": false,
            "skipped": false
          },
          {
            "title": "Breakout predictor By langCode and countryCode",
            "fullTitle": "Open products Breakout predictor By langCode and countryCode",
            "timedOut": false,
            "duration": 0,
            "state": "failed",
            "pass": false,
            "fail": true,
            "pending": false,
            "code": "var key = \"fbab80c2-362f-468e-98ab-7baa46e96874\";\nvar inputvalues = fun.input(key, subPath);\nfun.products_requester(inputvalues, done);",
            "err": {
              "message": "AssertionError: expected { Object (id, name, ...) } to have own property 'consumerIngredients'",
              "estack": "AssertionError: expected { Object (id, name, ...) } to have own property 'consumerIngredients'\n    at bodyKeys_a.forEach (test/main.js:111:38)\n    at Array.forEach (native)\n    at products_parameters (test/main.js:110:20)\n    at products_callback (test/main.js:65:9)\n    at Request._callback (test/main.js:43:13)\n    at Request.self.callback (node_modules/request/request.js:185:22)\n    at Request.<anonymous> (node_modules/request/request.js:1161:10)\n    at IncomingMessage.<anonymous> (node_modules/request/request.js:1083:12)\n    at endReadableNT (_stream_readable.js:926:12)\n    at _combinedTickCallback (internal/process/next_tick.js:74:11)\n    at process._tickCallback (internal/process/next_tick.js:98:9)"
            },
            "isRoot": false,
            "uuid": "a651d2c2-13e9-45d8-8ac8-b1ada1355b65",
            "isHook": false,
            "skipped": false
          }
        ],
        "suites": [],
        "passes": [],
        "failures": [
          "d5c41103-689e-489d-8dac-9c52936081b8",
          "7dc23582-618a-49c0-8a35-a992d1c3d598",
          "cb25879b-9357-485e-b545-4a30d354a771",
          "c18f4aac-9b2a-41d9-8b28-a6c5c2b44428",
          "d269a353-b6c6-478b-9397-f34f690eadd2",
          "a651d2c2-13e9-45d8-8ac8-b1ada1355b65"
        ],
        "pending": [],
        "skipped": [],
        "duration": null,
        "root": false,
        "rootEmpty": false,
        "_timeout": 60000
      }
    ],
    "passes": [],
    "failures": [],
    "pending": [],
    "skipped": [],
    "duration": 0,
    "root": true,
    "rootEmpty": true,
    "_timeout": 2000
  },
  "copyrightYear": 2019
}